Adding variable seed with parameters 57576
Adding variable pair_style with parameters lj/cut/coul/long
Adding variable bond_style with parameters harmonic
Adding variable angle_style with parameters harmonic
Adding variable dihedral_style with parameters opls
Adding variable improper_style with parameters harmonic
Including file solute.playmol
Adding atom type cd with parameters lj/cut/coul/long 0.110 3.75
Adding atom type ca with parameters lj/cut/coul/long 0.070 3.55
Adding atom type c21 with parameters lj/cut/coul/long 0.118 3.80
Adding atom type os1 with parameters lj/cut/coul/long 0.140 2.90
Adding mass cd with parameters 13.019
Adding mass ca with parameters 12.011
Adding mass c21 with parameters 14.027
Adding mass os1 with parameters 15.999
Adding bond type os1 c21 with parameters harmonic 320.0 1.410
Adding bond type c21 ca with parameters harmonic 317.0 1.510
Adding bond type ca cd with parameters harmonic 469.0 1.400
Adding bond type cd cd with parameters harmonic 469.0 1.400
Adding angle type c21 os1 c21 with parameters harmonic 60.0 109.5
Adding angle type os1 c21 ca with parameters harmonic 50.0 109.5
Adding angle type c21 ca cd with parameters harmonic 70.0 120.0
Adding angle type ca cd cd with parameters harmonic 85.0 120.0
Adding angle type cd ca cd with parameters harmonic 85.0 120.0
Adding angle type cd cd cd with parameters harmonic 85.0 120.0
Adding dihedral type os1 c21 ca cd with parameters opls 0.000 0.000 0.000 0.00
Adding dihedral type c21 os1 c21 ca with parameters opls 0.650 -0.250 0.670 0.00
Adding dihedral type c21 ca cd cd with parameters opls 0.000 7.25 0.000 0.00
Adding dihedral type cd cd cd cd with parameters opls 0.000 7.25 0.000 0.00
Adding dihedral type ca cd cd cd with parameters opls 0.000 7.25 0.000 0.00
Adding dihedral type cd ca cd cd with parameters opls 0.000 7.25 0.000 0.00
Adding improper type ca c21 cd cd with parameters harmonic 2.2 0
Adding atom C00 with parameters c21
Adding charge C00 with parameters 0.191
Adding molecule C00 with parameters 1
Adding atom O01 with parameters os1
Adding charge O01 with parameters -0.382
Adding molecule O01 with parameters 2
Adding atom C02 with parameters c21
Adding charge C02 with parameters 0.191
Adding molecule C02 with parameters 3
Adding atom C03 with parameters ca
Adding charge C03 with parameters 0.0
Adding molecule C03 with parameters 4
Adding atom C04 with parameters cd
Adding charge C04 with parameters 0.0
Adding molecule C04 with parameters 5
Adding atom C05 with parameters cd
Adding charge C05 with parameters 0.0
Adding molecule C05 with parameters 6
Adding atom C06 with parameters cd
Adding charge C06 with parameters 0.0
Adding molecule C06 with parameters 7
Adding atom C07 with parameters cd
Adding charge C07 with parameters 0.0
Adding molecule C07 with parameters 8
Adding atom C08 with parameters cd
Adding charge C08 with parameters 0.0
Adding molecule C08 with parameters 9
Adding atom C09 with parameters ca
Adding charge C09 with parameters 0.0
Adding molecule C09 with parameters 10
Adding atom C0A with parameters cd
Adding charge C0A with parameters 0.0
Adding molecule C0A with parameters 11
Adding atom C0B with parameters cd
Adding charge C0B with parameters 0.0
Adding molecule C0B with parameters 12
Adding atom C0C with parameters cd
Adding charge C0C with parameters 0.0
Adding molecule C0C with parameters 13
Adding atom C0D with parameters cd
Adding charge C0D with parameters 0.0
Adding molecule C0D with parameters 14
Adding atom C0E with parameters cd
Adding charge C0E with parameters 0.0
Adding molecule C0E with parameters 15
Adding bond C00 O01
Fusing molecule 2 to molecule 1
Lowering indices of molecules 3 to 15
Adding bond C02 O01
Fusing molecule 2 to molecule 1
Lowering indices of molecules 3 to 14
Adding angle C00 O01 C02
Adding bond C02 C03
Fusing molecule 2 to molecule 1
Lowering indices of molecules 3 to 13
Adding angle O01 C02 C03
Adding dihedral C00 O01 C02 C03
Adding bond C03 C04
Fusing molecule 2 to molecule 1
Lowering indices of molecules 3 to 12
Adding angle C02 C03 C04
Adding dihedral O01 C02 C03 C04
Adding bond C04 C05
Fusing molecule 2 to molecule 1
Lowering indices of molecules 3 to 11
Adding angle C03 C04 C05
Adding dihedral C02 C03 C04 C05
Adding bond C05 C06
Fusing molecule 2 to molecule 1
Lowering indices of molecules 3 to 10
Adding angle C04 C05 C06
Adding dihedral C03 C04 C05 C06
Adding bond C06 C07
Fusing molecule 2 to molecule 1
Lowering indices of molecules 3 to 9
Adding angle C05 C06 C07
Adding dihedral C04 C05 C06 C07
Adding bond C07 C08
Fusing molecule 2 to molecule 1
Lowering indices of molecules 3 to 8
Adding angle C06 C07 C08
Adding dihedral C05 C06 C07 C08
Adding bond C08 C03
Closing cycle(s) in molecule 1
Adding angle C02 C03 C08
Adding dihedral O01 C02 C03 C08
Adding dihedral C02 C03 C08 C07
Adding angle C04 C03 C08
Adding dihedral C08 C03 C04 C05
Adding dihedral C04 C03 C08 C07
Adding angle C07 C08 C03
Adding dihedral C03 C08 C07 C06
Adding bond C00 C09
Fusing molecule 2 to molecule 1
Lowering indices of molecules 3 to 7
Adding angle O01 C00 C09
Adding dihedral C02 O01 C00 C09
Adding bond C09 C0A
Fusing molecule 2 to molecule 1
Lowering indices of molecules 3 to 6
Adding angle C00 C09 C0A
Adding dihedral O01 C00 C09 C0A
Adding bond C0A C0B
Fusing molecule 2 to molecule 1
Lowering indices of molecules 3 to 5
Adding angle C09 C0A C0B
Adding dihedral C00 C09 C0A C0B
Adding bond C0B C0C
Fusing molecule 2 to molecule 1
Lowering indices of molecules 3 to 4
Adding angle C0A C0B C0C
Adding dihedral C09 C0A C0B C0C
Adding bond C0C C0D
Fusing molecule 2 to molecule 1
Lowering indices of molecules 3 to 3
Adding angle C0B C0C C0D
Adding dihedral C0A C0B C0C C0D
Adding bond C0D C0E
Fusing molecule 2 to molecule 1
Adding angle C0C C0D C0E
Adding dihedral C0B C0C C0D C0E
Adding bond C0E C09
Closing cycle(s) in molecule 1
Adding angle C00 C09 C0E
Adding dihedral O01 C00 C09 C0E
Adding dihedral C00 C09 C0E C0D
Adding angle C0A C09 C0E
Adding dihedral C0E C09 C0A C0B
Adding dihedral C0A C09 C0E C0D
Adding angle C0D C0E C09
Adding dihedral C09 C0E C0D C0C
Reading geometric data...
Number of data to be read: 15
1 : C00 1.000 1.000 0.000
2 : O01 -0.424 1.000 0.000
3 : C02 -0.965 1.000 1.318
4 : C03 -2.473 0.998 1.252
5 : C04 -3.218 0.393 2.274
6 : C05 -4.614 0.386 2.226
7 : C06 -5.280 0.982 1.157
8 : C07 -4.549 1.586 0.136
9 : C08 -3.157 1.641 0.209
10 : C09 1.542 0.998 -1.411
11 : C0A 0.702 0.997 -2.535
12 : C0B 1.235 0.994 -3.825
13 : C0C 2.616 0.992 -4.008
14 : C0D 3.461 0.993 -2.901
15 : C0E 2.931 0.996 -1.612
Number of provided geometric data: 15
Processing 15 geometric data for molecule 1:
Data provided for atom C00 : 1.000 1.000 0.000
Data provided for atom O01 : -0.424 1.000 0.000
Data provided for atom C02 : -0.965 1.000 1.318
Data provided for atom C03 : -2.473 0.998 1.252
Data provided for atom C04 : -3.218 0.393 2.274
Data provided for atom C05 : -4.614 0.386 2.226
Data provided for atom C06 : -5.280 0.982 1.157
Data provided for atom C07 : -4.549 1.586 0.136
Data provided for atom C08 : -3.157 1.641 0.209
Data provided for atom C09 : 1.542 0.998 -1.411
Data provided for atom C0A : 0.702 0.997 -2.535
Data provided for atom C0B : 1.235 0.994 -3.825
Data provided for atom C0C : 2.616 0.992 -4.008
Data provided for atom C0D : 3.461 0.993 -2.901
Data provided for atom C0E : 2.931 0.996 -1.612
Adding coordinate C00 with parameters 1.00000000 1.00000000 0.00000000
Adding coordinate O01 with parameters -0.423999995 1.00000000 0.00000000
Adding coordinate C02 with parameters -0.964999974 1.00000000 1.31799996
Adding coordinate C03 with parameters -2.47300005 0.998000026 1.25199997
Adding coordinate C04 with parameters -3.21799994 0.393000007 2.27399993
Adding coordinate C05 with parameters -4.61399984 0.386000007 2.22600007
Adding coordinate C06 with parameters -5.28000021 0.981999993 1.15699995
Adding coordinate C07 with parameters -4.54899979 1.58599997 0.136000007
Adding coordinate C08 with parameters -3.15700006 1.64100003 0.209000006
Adding coordinate C09 with parameters 1.54200006 0.998000026 -1.41100001
Adding coordinate C0A with parameters 0.702000022 0.996999979 -2.53500009
Adding coordinate C0B with parameters 1.23500001 0.994000018 -3.82500005
Adding coordinate C0C with parameters 2.61599994 0.991999984 -4.00799990
Adding coordinate C0D with parameters 3.46099997 0.992999971 -2.90100002
Adding coordinate C0E with parameters 2.93099999 0.995999992 -1.61199999
Including file ethanol.playmol
Adding atom type O with parameters lj/cut/coul/long 0.17 3.07
Adding atom type H with parameters lj/cut/coul/long 0.00 0.00
Adding atom type CH2 with parameters lj/cut/coul/long 0.1180 3.9050
Adding atom type CH3 with parameters lj/cut/coul/long 0.1750 3.9050
Adding mass O with parameters 15.999
Adding mass H with parameters 1.008
Adding mass CH2 with parameters 14.027
Adding mass CH3 with parameters 15.034
Adding bond type O H with parameters harmonic 553.0 0.945
Adding bond type CH2 O with parameters harmonic 386.0 1.430
Adding bond type CH3 CH2 with parameters harmonic 260.0 1.530
Adding angle type CH2 O H with parameters harmonic 55.0 108.5
Adding angle type CH3 CH2 O with parameters harmonic 70.0 108.0
Adding dihedral type CH3 CH2 O H with parameters opls -0.356 -0.174 0.492 0.000
Adding atom CG2 with parameters CH3
Adding charge CG2 with parameters 0.000
Adding molecule CG2 with parameters 2
Adding atom CB with parameters CH2
Adding charge CB with parameters 0.265
Adding molecule CB with parameters 3
Adding atom OG1 with parameters O
Adding charge OG1 with parameters -0.700
Adding molecule OG1 with parameters 4
Adding atom HG1 with parameters H
Adding charge HG1 with parameters 0.435
Adding molecule HG1 with parameters 5
Adding bond CG2 CB
Fusing molecule 3 to molecule 2
Lowering indices of molecules 4 to 5
Adding bond CB OG1
Fusing molecule 3 to molecule 2
Lowering indices of molecules 4 to 4
Adding angle CG2 CB OG1
Adding bond OG1 HG1
Fusing molecule 3 to molecule 2
Adding angle CB OG1 HG1
Adding dihedral CG2 CB OG1 HG1
Reading geometric data...
Number of data to be read: 4
1 : CG2 -1.275 0.255 0.023
2 : CB 0.014 -0.558 -0.029
3 : OG1 1.188 0.255 0.058
4 : HG1 1.178 0.851 -0.709
Number of provided geometric data: 4
Processing 4 geometric data for molecule 2:
Data provided for atom CG2 : -1.275 0.255 0.023
Data provided for atom CB : 0.014 -0.558 -0.029
Data provided for atom OG1 : 1.188 0.255 0.058
Data provided for atom HG1 : 1.178 0.851 -0.709
Adding coordinate CG2 with parameters -1.27499998 0.254999995 2.30000000E-02
Adding coordinate CB with parameters 1.40000004E-02 -0.558000028 -2.89999992E-02
Adding coordinate OG1 with parameters 1.18799996 0.254999995 5.79999983E-02
Adding coordinate HG1 with parameters 1.17799997 0.851000011 -0.708999991
Including file co2.playmol
Adding atom type co2 with parameters lj/cut/coul/long 0.4692 3.720
Adding mass co2 with parameters 44.010
Adding atom CO2 with parameters co2
Adding charge CO2 with parameters 0.0
Adding molecule CO2 with parameters 3
Reading geometric data...
Number of data to be read: 1
1 : CO2 0.00 0.00 0.00
Number of provided geometric data: 1
Processing 1 geometric data for molecule 3:
Data provided for atom CO2 : 0.00 0.00 0.00
Adding coordinate CO2 with parameters 0.00000000 0.00000000 0.00000000
Searching for impropers...
Adding improper C03 C02 C08 C04
Adding improper C09 C00 C0E C0A
Defining box side lengths as 80.0 80.0 80.0
Setting packmol seed to 57576
Setting packmol retry parameter to 0.95
Adding packmol option pack with parameters mol(C00) 10
Adding packmol option pack with parameters mol(OG1) 886
Adding packmol option pack with parameters mol(CO2) 1114
Packmol invoked with action <execute>
Box lengths are 80.0000000 80.0000000 80.0000000
Executing Packmol with scaling factor 1.00000000. Please wait...
Packmol converged with scaling factor 1.00000000
Writing data to file box.lmp in lmp/models format...
9 atom types
7 bond types
8 angle types
7 dihedral types
1 improper types
4808 atoms
2818 bonds
1962 angles
1106 dihedrals
20 impropers
Writing data to file box.pdb in pdb format...
